<?xml version="1.0" encoding="UTF-8"?>
<!-- Generated by org.testng.reporters.JUnitReportReporter -->
<testsuite hostname="Venkat_TRV" failures="0" tests="2" name="tests.GridTest" time="48.950" errors="0" timestamp="2025-08-11T02:14:11 CDT" skipped="0">
  <testcase classname="tests.GridTest" name="openGoogle" time="33.846"/>
  <testcase classname="tests.GridTest" name="openGoogle" time="15.104"/>
</testsuite> <!-- tests.GridTest -->
